# JRE version: Java(TM) SE Runtime Environment 18.9 (11.0.16.1+1) (build 11.0.16.1+1-LTS-1)
# Java VM: Java HotSpot(TM) 64-Bit Server VM 18.9 (11.0.16.1+1-LTS-1, mixed mode, tiered, compressed oops, g1 gc, windows-amd64)
Heap:
 garbage-first heap   total 175104K, used 85125K [0x0000000080000000, 0x0000000100000000)
  region size 1024K, 10 young (10240K), 4 survivors (4096K)
 Metaspace       used 81940K, capacity 84367K, committed 84684K, reserved 1122304K
  class space    used 11007K, capacity 11967K, committed 12032K, reserved 1048576K
GC Heap History (10 events):
Event: 8.860 GC heap before
{Heap before GC invocations=17 (full 0):
 garbage-first heap   total 145408K, used 111272K [0x0000000080000000, 0x0000000100000000)
  region size 1024K, 60 young (61440K), 7 survivors (7168K)
 Metaspace       used 70812K, capacity 72668K, committed 72908K, reserved 1112064K
  class space    used 9393K, capacity 10136K, committed 10240K, reserved 1048576K
}
Event: 8.866 GC heap after
{Heap after GC invocations=18 (full 0):
 garbage-first heap   total 145408K, used 61276K [0x0000000080000000, 0x0000000100000000)
  region size 1024K, 8 young (8192K), 8 survivors (8192K)
 Metaspace       used 70812K, capacity 72668K, committed 72908K, reserved 1112064K
  class space    used 9393K, capacity 10136K, committed 10240K, reserved 1048576K
}
Event: 9.487 GC heap before
{Heap before GC invocations=18 (full 0):
 garbage-first heap   total 145408K, used 113500K [0x0000000080000000, 0x0000000100000000)
  region size 1024K, 59 young (60416K), 8 survivors (8192K)
 Metaspace       used 75024K, capacity 76950K, committed 77132K, reserved 1116160K
  class space    used 10061K, capacity 10860K, committed 10880K, reserved 1048576K
}
Event: 9.493 GC heap after
{Heap after GC invocations=19 (full 0):
 garbage-first heap   total 145408K, used 64116K [0x0000000080000000, 0x0000000100000000)
  region size 1024K, 7 young (7168K), 7 survivors (7168K)
 Metaspace       used 75024K, capacity 76950K, committed 77132K, reserved 1116160K
  class space    used 10061K, capacity 10860K, committed 10880K, reserved 1048576K
}
Event: 10.124 GC heap before
{Heap before GC invocations=19 (full 0):
 garbage-first heap   total 145408K, used 116340K [0x0000000080000000, 0x0000000100000000)
  region size 1024K, 58 young (59392K), 7 survivors (7168K)
 Metaspace       used 79012K, capacity 81160K, committed 81228K, reserved 1120256K
  class space    used 10546K, capacity 11355K, committed 11392K, reserved 1048576K
}
Event: 10.132 GC heap after
{Heap after GC invocations=20 (full 0):
 garbage-first heap   total 145408K, used 68659K [0x0000000080000000, 0x0000000100000000)
  region size 1024K, 8 young (8192K), 8 survivors (8192K)
 Metaspace       used 79012K, capacity 81160K, committed 81228K, reserved 1120256K
  class space    used 10546K, capacity 11355K, committed 11392K, reserved 1048576K
}
Event: 10.378 GC heap before
{Heap before GC invocations=20 (full 0):
 garbage-first heap   total 145408K, used 116787K [0x0000000080000000, 0x0000000100000000)
  region size 1024K, 55 young (56320K), 8 survivors (8192K)
 Metaspace       used 79314K, capacity 81386K, committed 81484K, reserved 1120256K
  class space    used 10575K, capacity 11362K, committed 11392K, reserved 1048576K
}
Event: 10.387 GC heap after
{Heap after GC invocations=21 (full 0):
 garbage-first heap   total 145408K, used 75569K [0x0000000080000000, 0x0000000100000000)
  region size 1024K, 7 young (7168K), 7 survivors (7168K)
 Metaspace       used 79314K, capacity 81386K, committed 81484K, reserved 1120256K
  class space    used 10575K, capacity 11362K, committed 11392K, reserved 1048576K
}
Event: 11.035 GC heap before
{Heap before GC invocations=21 (full 0):
 garbage-first heap   total 145408K, used 116529K [0x0000000080000000, 0x0000000100000000)
  region size 1024K, 48 young (49152K), 7 survivors (7168K)
 Metaspace       used 81640K, capacity 84048K, committed 84300K, reserved 1122304K
  class space    used 10944K, capacity 11881K, committed 11904K, reserved 1048576K
}
Event: 11.045 GC heap after
{Heap after GC invocations=22 (full 0):
 garbage-first heap   total 175104K, used 80005K [0x0000000080000000, 0x0000000100000000)
  region size 1024K, 4 young (4096K), 4 survivors (4096K)
 Metaspace       used 81640K, capacity 84048K, committed 84300K, reserved 1122304K
  class space    used 10944K, capacity 11881K, committed 11904K, reserved 1048576K
}

