# JRE version: Java(TM) SE Runtime Environment 18.9 (11.0.16.1+1) (build 11.0.16.1+1-LTS-1)
# Java VM: Java HotSpot(TM) 64-Bit Server VM 18.9 (11.0.16.1+1-LTS-1, mixed mode, tiered, compressed oops, g1 gc, windows-amd64)
Heap:
 garbage-first heap   total 253952K, used 171809K [0x0000000080000000, 0x0000000100000000)
  region size 1024K, 52 young (53248K), 11 survivors (11264K)
 Metaspace       used 108035K, capacity 111177K, committed 111392K, reserved 1144832K
  class space    used 13953K, capacity 15123K, committed 15180K, reserved 1048576K
GC Heap History (10 events):
Event: 14.132 GC heap before
{Heap before GC invocations=35 (full 0):
 garbage-first heap   total 210944K, used 158873K [0x0000000080000000, 0x0000000100000000)
  region size 1024K, 54 young (55296K), 1 survivors (1024K)
 Metaspace       used 95454K, capacity 98275K, committed 98720K, reserved 1134592K
  class space    used 12508K, capacity 13615K, committed 13772K, reserved 1048576K
}
Event: 14.137 GC heap after
{Heap after GC invocations=36 (full 0):
 garbage-first heap   total 210944K, used 107502K [0x0000000080000000, 0x0000000100000000)
  region size 1024K, 3 young (3072K), 3 survivors (3072K)
 Metaspace       used 95454K, capacity 98275K, committed 98720K, reserved 1134592K
  class space    used 12508K, capacity 13615K, committed 13772K, reserved 1048576K
}
Event: 14.466 GC heap before
{Heap before GC invocations=37 (full 0):
 garbage-first heap   total 210944K, used 161774K [0x0000000080000000, 0x0000000100000000)
  region size 1024K, 57 young (58368K), 3 survivors (3072K)
 Metaspace       used 96991K, capacity 99820K, committed 100128K, reserved 1136640K
  class space    used 12702K, capacity 13809K, committed 13900K, reserved 1048576K
}
Event: 14.471 GC heap after
{Heap after GC invocations=38 (full 0):
 garbage-first heap   total 210944K, used 109249K [0x0000000080000000, 0x0000000100000000)
  region size 1024K, 5 young (5120K), 5 survivors (5120K)
 Metaspace       used 96991K, capacity 99820K, committed 100128K, reserved 1136640K
  class space    used 12702K, capacity 13809K, committed 13900K, reserved 1048576K
}
Event: 14.508 GC heap before
{Heap before GC invocations=38 (full 0):
 garbage-first heap   total 210944K, used 114369K [0x0000000080000000, 0x0000000100000000)
  region size 1024K, 10 young (10240K), 5 survivors (5120K)
 Metaspace       used 97251K, capacity 100076K, committed 100384K, reserved 1136640K
  class space    used 12726K, capacity 13809K, committed 13900K, reserved 1048576K
}
Event: 14.513 GC heap after
{Heap after GC invocations=39 (full 0):
 garbage-first heap   total 253952K, used 109418K [0x0000000080000000, 0x0000000100000000)
  region size 1024K, 2 young (2048K), 2 survivors (2048K)
 Metaspace       used 97251K, capacity 100076K, committed 100384K, reserved 1136640K
  class space    used 12726K, capacity 13809K, committed 13900K, reserved 1048576K
}
Event: 16.988 GC heap before
{Heap before GC invocations=39 (full 0):
 garbage-first heap   total 253952K, used 184170K [0x0000000080000000, 0x0000000100000000)
  region size 1024K, 76 young (77824K), 2 survivors (2048K)
 Metaspace       used 98434K, capacity 101282K, committed 101536K, reserved 1136640K
  class space    used 12840K, capacity 13935K, committed 14028K, reserved 1048576K
}
Event: 16.992 GC heap after
{Heap after GC invocations=40 (full 0):
 garbage-first heap   total 253952K, used 111586K [0x0000000080000000, 0x0000000100000000)
  region size 1024K, 4 young (4096K), 4 survivors (4096K)
 Metaspace       used 98434K, capacity 101282K, committed 101536K, reserved 1136640K
  class space    used 12840K, capacity 13935K, committed 14028K, reserved 1048576K
}
Event: 19.499 GC heap before
{Heap before GC invocations=40 (full 0):
 garbage-first heap   total 253952K, used 192482K [0x0000000080000000, 0x0000000100000000)
  region size 1024K, 82 young (83968K), 4 survivors (4096K)
 Metaspace       used 105987K, capacity 109007K, committed 109088K, reserved 1142784K
  class space    used 13764K, capacity 14920K, committed 14924K, reserved 1048576K
}
Event: 19.515 GC heap after
{Heap after GC invocations=41 (full 0):
 garbage-first heap   total 253952K, used 130849K [0x0000000080000000, 0x0000000100000000)
  region size 1024K, 11 young (11264K), 11 survivors (11264K)
 Metaspace       used 105987K, capacity 109007K, committed 109088K, reserved 1142784K
  class space    used 13764K, capacity 14920K, committed 14924K, reserved 1048576K
}

