# JRE version: Java(TM) SE Runtime Environment 18.9 (11.0.16.1+1) (build 11.0.16.1+1-LTS-1)
# Java VM: Java HotSpot(TM) 64-Bit Server VM 18.9 (11.0.16.1+1-LTS-1, mixed mode, tiered, compressed oops, g1 gc, windows-amd64)
Heap:
 garbage-first heap   total 305152K, used 159123K [0x0000000080000000, 0x0000000100000000)
  region size 1024K, 16 young (16384K), 4 survivors (4096K)
 Metaspace       used 134365K, capacity 139181K, committed 139340K, reserved 1169408K
  class space    used 16853K, capacity 18782K, committed 18816K, reserved 1048576K
GC Heap History (10 events):
Event: 1055.583 GC heap before
{Heap before GC invocations=119 (full 0):
 garbage-first heap   total 305152K, used 152879K [0x0000000080000000, 0x0000000100000000)
  region size 1024K, 14 young (14336K), 13 survivors (13312K)
 Metaspace       used 134028K, capacity 138960K, committed 139084K, reserved 1169408K
  class space    used 16852K, capacity 18781K, committed 18816K, reserved 1048576K
}
Event: 1055.593 GC heap after
{Heap after GC invocations=120 (full 0):
 garbage-first heap   total 305152K, used 145928K [0x0000000080000000, 0x0000000100000000)
  region size 1024K, 2 young (2048K), 2 survivors (2048K)
 Metaspace       used 134028K, capacity 138960K, committed 139084K, reserved 1169408K
  class space    used 16852K, capacity 18781K, committed 18816K, reserved 1048576K
}
Event: 1056.241 GC heap before
{Heap before GC invocations=120 (full 0):
 garbage-first heap   total 305152K, used 235016K [0x0000000080000000, 0x0000000100000000)
  region size 1024K, 90 young (92160K), 2 survivors (2048K)
 Metaspace       used 134155K, capacity 139034K, committed 139084K, reserved 1169408K
  class space    used 16852K, capacity 18781K, committed 18816K, reserved 1048576K
}
Event: 1056.256 GC heap after
{Heap after GC invocations=121 (full 0):
 garbage-first heap   total 305152K, used 154269K [0x0000000080000000, 0x0000000100000000)
  region size 1024K, 10 young (10240K), 10 survivors (10240K)
 Metaspace       used 134155K, capacity 139034K, committed 139084K, reserved 1169408K
  class space    used 16852K, capacity 18781K, committed 18816K, reserved 1048576K
}
Event: 1288.190 GC heap before
{Heap before GC invocations=122 (full 0):
 garbage-first heap   total 305152K, used 255645K [0x0000000080000000, 0x0000000100000000)
  region size 1024K, 94 young (96256K), 10 survivors (10240K)
 Metaspace       used 134342K, capacity 139116K, committed 139340K, reserved 1169408K
  class space    used 16853K, capacity 18782K, committed 18816K, reserved 1048576K
}
Event: 1288.201 GC heap after
{Heap after GC invocations=123 (full 0):
 garbage-first heap   total 305152K, used 157242K [0x0000000080000000, 0x0000000100000000)
  region size 1024K, 7 young (7168K), 7 survivors (7168K)
 Metaspace       used 134342K, capacity 139116K, committed 139340K, reserved 1169408K
  class space    used 16853K, capacity 18782K, committed 18816K, reserved 1048576K
}
Event: 1288.240 GC heap before
{Heap before GC invocations=123 (full 0):
 garbage-first heap   total 305152K, used 163386K [0x0000000080000000, 0x0000000100000000)
  region size 1024K, 14 young (14336K), 7 survivors (7168K)
 Metaspace       used 134344K, capacity 139116K, committed 139340K, reserved 1169408K
  class space    used 16853K, capacity 18782K, committed 18816K, reserved 1048576K
}
Event: 1288.254 GC heap after
{Heap after GC invocations=124 (full 0):
 garbage-first heap   total 305152K, used 143933K [0x0000000080000000, 0x0000000100000000)
  region size 1024K, 1 young (1024K), 1 survivors (1024K)
 Metaspace       used 134344K, capacity 139116K, committed 139340K, reserved 1169408K
  class space    used 16853K, capacity 18782K, committed 18816K, reserved 1048576K
}
Event: 1288.490 GC heap before
{Heap before GC invocations=124 (full 0):
 garbage-first heap   total 305152K, used 165437K [0x0000000080000000, 0x0000000100000000)
  region size 1024K, 24 young (24576K), 1 survivors (1024K)
 Metaspace       used 134365K, capacity 139181K, committed 139340K, reserved 1169408K
  class space    used 16853K, capacity 18782K, committed 18816K, reserved 1048576K
}
Event: 1288.495 GC heap after
{Heap after GC invocations=125 (full 0):
 garbage-first heap   total 305152K, used 146835K [0x0000000080000000, 0x0000000100000000)
  region size 1024K, 4 young (4096K), 4 survivors (4096K)
 Metaspace       used 134365K, capacity 139181K, committed 139340K, reserved 1169408K
  class space    used 16853K, capacity 18782K, committed 18816K, reserved 1048576K
}

