# JRE version: Java(TM) SE Runtime Environment 18.9 (11.0.16.1+1) (build 11.0.16.1+1-LTS-1)
# Java VM: Java HotSpot(TM) 64-Bit Server VM 18.9 (11.0.16.1+1-LTS-1, mixed mode, tiered, compressed oops, g1 gc, windows-amd64)
Heap:
 garbage-first heap   total 305152K, used 135507K [0x0000000080000000, 0x0000000100000000)
  region size 1024K, 14 young (14336K), 6 survivors (6144K)
 Metaspace       used 137438K, capacity 142846K, committed 143052K, reserved 1173504K
  class space    used 17033K, capacity 18998K, committed 19148K, reserved 1048576K
GC Heap History (10 events):
Event: 2584.491 GC heap before
{Heap before GC invocations=189 (full 0):
 garbage-first heap   total 305152K, used 147115K [0x0000000080000000, 0x0000000100000000)
  region size 1024K, 36 young (36864K), 2 survivors (2048K)
 Metaspace       used 137207K, capacity 142556K, committed 142796K, reserved 1173504K
  class space    used 17031K, capacity 18994K, committed 19148K, reserved 1048576K
}
Event: 2584.496 GC heap after
{Heap after GC invocations=190 (full 0):
 garbage-first heap   total 305152K, used 114172K [0x0000000080000000, 0x0000000100000000)
  region size 1024K, 2 young (2048K), 2 survivors (2048K)
 Metaspace       used 137207K, capacity 142556K, committed 142796K, reserved 1173504K
  class space    used 17031K, capacity 18994K, committed 19148K, reserved 1048576K
}
Event: 2641.505 GC heap before
{Heap before GC invocations=191 (full 0):
 garbage-first heap   total 305152K, used 219644K [0x0000000080000000, 0x0000000100000000)
  region size 1024K, 89 young (91136K), 2 survivors (2048K)
 Metaspace       used 137307K, capacity 142691K, committed 143052K, reserved 1173504K
  class space    used 17031K, capacity 18995K, committed 19148K, reserved 1048576K
}
Event: 2641.514 GC heap after
{Heap after GC invocations=192 (full 0):
 garbage-first heap   total 305152K, used 123083K [0x0000000080000000, 0x0000000100000000)
  region size 1024K, 10 young (10240K), 10 survivors (10240K)
 Metaspace       used 137307K, capacity 142691K, committed 143052K, reserved 1173504K
  class space    used 17031K, capacity 18995K, committed 19148K, reserved 1048576K
}
Event: 2686.086 GC heap before
{Heap before GC invocations=193 (full 0):
 garbage-first heap   total 305152K, used 261323K [0x0000000080000000, 0x0000000100000000)
  region size 1024K, 126 young (129024K), 10 survivors (10240K)
 Metaspace       used 137401K, capacity 142828K, committed 143052K, reserved 1173504K
  class space    used 17032K, capacity 18995K, committed 19148K, reserved 1048576K
}
Event: 2686.093 GC heap after
{Heap after GC invocations=194 (full 0):
 garbage-first heap   total 305152K, used 122863K [0x0000000080000000, 0x0000000100000000)
  region size 1024K, 7 young (7168K), 7 survivors (7168K)
 Metaspace       used 137401K, capacity 142828K, committed 143052K, reserved 1173504K
  class space    used 17032K, capacity 18995K, committed 19148K, reserved 1048576K
}
Event: 2686.170 GC heap before
{Heap before GC invocations=194 (full 0):
 garbage-first heap   total 305152K, used 130031K [0x0000000080000000, 0x0000000100000000)
  region size 1024K, 14 young (14336K), 7 survivors (7168K)
 Metaspace       used 137404K, capacity 142828K, committed 143052K, reserved 1173504K
  class space    used 17032K, capacity 18995K, committed 19148K, reserved 1048576K
}
Event: 2686.177 GC heap after
{Heap after GC invocations=195 (full 0):
 garbage-first heap   total 305152K, used 122242K [0x0000000080000000, 0x0000000100000000)
  region size 1024K, 2 young (2048K), 2 survivors (2048K)
 Metaspace       used 137404K, capacity 142828K, committed 143052K, reserved 1173504K
  class space    used 17032K, capacity 18995K, committed 19148K, reserved 1048576K
}
Event: 2686.535 GC heap before
{Heap before GC invocations=195 (full 0):
 garbage-first heap   total 305152K, used 162178K [0x0000000080000000, 0x0000000100000000)
  region size 1024K, 43 young (44032K), 2 survivors (2048K)
 Metaspace       used 137438K, capacity 142846K, committed 143052K, reserved 1173504K
  class space    used 17033K, capacity 18998K, committed 19148K, reserved 1048576K
}
Event: 2686.543 GC heap after
{Heap after GC invocations=196 (full 0):
 garbage-first heap   total 305152K, used 126291K [0x0000000080000000, 0x0000000100000000)
  region size 1024K, 6 young (6144K), 6 survivors (6144K)
 Metaspace       used 137438K, capacity 142846K, committed 143052K, reserved 1173504K
  class space    used 17033K, capacity 18998K, committed 19148K, reserved 1048576K
}

